The system is: Windows - 10.0 - AMD64
Compiling the CXX compiler identification source file "CMakeCXXCompilerId.cpp" succeeded.
Compiler: D:/files/Visual Studio/VC/Tools/MSVC/14.24.28314/bin/HostX64/x64/cl.exe 
Build flags: 
Id flags: -c 

The output was:
0
Microsoft (R) C/C++ Optimizing Compiler Version 19.24.28316 for x64
Copyright (C) Microsoft Corporation.  All rights reserved.

CMakeCXXCompilerId.cpp


Compilation of the CXX compiler identification source "CMakeCXXCompilerId.cpp" produced "CMakeCXXCompilerId.obj"

The CXX compiler identification is MSVC, found in "D:/repos/MxEngine/CMakeFiles/3.15.19101501-MSVC_2/CompilerIdCXX/CMakeCXXCompilerId.obj"

Compiling the CXX compiler identification source file "CMakeCXXCompilerId.cpp" succeeded.
Compiler: D:/files/Visual Studio/VC/Tools/MSVC/14.24.28314/bin/HostX64/x64/cl.exe 
Build flags: /DWIN32;/D_WINDOWS;/W3;/GR;/EHsc
Id flags: -c 

The output was:
0
Microsoft (R) C/C++ Optimizing Compiler Version 19.24.28316 for x64
Copyright (C) Microsoft Corporation.  All rights reserved.

CMakeCXXCompilerId.cpp


Compilation of the CXX compiler identification source "CMakeCXXCompilerId.cpp" produced "CMakeCXXCompilerId.obj"

The CXX compiler identification is MSVC, found in "D:/repos/MxEngine/CMakeFiles/3.15.19101501-MSVC_2/CompilerIdCXX/CMakeCXXCompilerId.obj"

Compiling the CXX compiler identification source file "CMakeCXXCompilerId.cpp" succeeded.
Compiler: D:/files/Visual Studio/VC/Tools/MSVC/14.24.28314/bin/HostX64/x64/cl.exe 
Build flags: /DWIN32;/D_WINDOWS;/W3;/GR;/EHsc
Id flags: -c 

The output was:
0
Microsoft (R) C/C++ Optimizing Compiler Version 19.24.28316 for x64
Copyright (C) Microsoft Corporation.  All rights reserved.

CMakeCXXCompilerId.cpp


Compilation of the CXX compiler identification source "CMakeCXXCompilerId.cpp" produced "CMakeCXXCompilerId.obj"

The CXX compiler identification is MSVC, found in "D:/repos/MxEngine/CMakeFiles/3.15.19101501-MSVC_2/CompilerIdCXX/CMakeCXXCompilerId.obj"

Compiling the CXX compiler identification source file "CMakeCXXCompilerId.cpp" succeeded.
Compiler: D:/files/Visual Studio/VC/Tools/MSVC/14.24.28314/bin/HostX64/x64/cl.exe 
Build flags: /DWIN32;/D_WINDOWS;/W3;/GR;/EHsc
Id flags: -c 

The output was:
0
Microsoft (R) C/C++ Optimizing Compiler Version 19.24.28316 for x64
Copyright (C) Microsoft Corporation.  All rights reserved.

CMakeCXXCompilerId.cpp


Compilation of the CXX compiler identification source "CMakeCXXCompilerId.cpp" produced "CMakeCXXCompilerId.obj"

The CXX compiler identification is MSVC, found in "D:/repos/MxEngine/CMakeFiles/3.15.19101501-MSVC_2/CompilerIdCXX/CMakeCXXCompilerId.obj"

Compiling the CXX compiler identification source file "CMakeCXXCompilerId.cpp" succeeded.
Compiler: D:/files/Visual Studio/VC/Tools/MSVC/14.24.28314/bin/HostX64/x64/cl.exe 
Build flags: /DWIN32;/D_WINDOWS;/W3;/GR;/EHsc
Id flags: -c 

The output was:
0
Microsoft (R) C/C++ Optimizing Compiler Version 19.24.28316 for x64
Copyright (C) Microsoft Corporation.  All rights reserved.

CMakeCXXCompilerId.cpp


Compilation of the CXX compiler identification source "CMakeCXXCompilerId.cpp" produced "CMakeCXXCompilerId.obj"

The CXX compiler identification is MSVC, found in "D:/repos/MxEngine/CMakeFiles/3.15.19101501-MSVC_2/CompilerIdCXX/CMakeCXXCompilerId.obj"

Compiling the CXX compiler identification source file "CMakeCXXCompilerId.cpp" succeeded.
Compiler: D:/files/Visual Studio/VC/Tools/MSVC/14.24.28314/bin/HostX64/x64/cl.exe 
Build flags: /DWIN32;/D_WINDOWS;/W3;/GR;/EHsc
Id flags: -c 

The output was:
0
Microsoft (R) C/C++ Optimizing Compiler Version 19.24.28316 for x64
Copyright (C) Microsoft Corporation.  All rights reserved.

CMakeCXXCompilerId.cpp


Compilation of the CXX compiler identification source "CMakeCXXCompilerId.cpp" produced "CMakeCXXCompilerId.obj"

The CXX compiler identification is MSVC, found in "D:/repos/MxEngine/CMakeFiles/3.15.19101501-MSVC_2/CompilerIdCXX/CMakeCXXCompilerId.obj"

Compiling the CXX compiler identification source file "CMakeCXXCompilerId.cpp" succeeded.
Compiler: D:/files/Visual Studio/VC/Tools/MSVC/14.24.28314/bin/HostX64/x64/cl.exe 
Build flags: /DWIN32;/D_WINDOWS;/W3;/GR;/EHsc
Id flags: -c 

The output was:
0
Microsoft (R) C/C++ Optimizing Compiler Version 19.24.28316 for x64
Copyright (C) Microsoft Corporation.  All rights reserved.

CMakeCXXCompilerId.cpp


Compilation of the CXX compiler identification source "CMakeCXXCompilerId.cpp" produced "CMakeCXXCompilerId.obj"

The CXX compiler identification is MSVC, found in "D:/repos/MxEngine/CMakeFiles/3.15.19101501-MSVC_2/CompilerIdCXX/CMakeCXXCompilerId.obj"

Compiling the CXX compiler identification source file "CMakeCXXCompilerId.cpp" succeeded.
Compiler: D:/files/Visual Studio/VC/Tools/MSVC/14.24.28314/bin/HostX64/x64/cl.exe 
Build flags: /DWIN32;/D_WINDOWS;/W3;/GR;/EHsc
Id flags: -c 

The output was:
0
Microsoft (R) C/C++ Optimizing Compiler Version 19.24.28316 for x64
Copyright (C) Microsoft Corporation.  All rights reserved.

CMakeCXXCompilerId.cpp


Compilation of the CXX compiler identification source "CMakeCXXCompilerId.cpp" produced "CMakeCXXCompilerId.obj"

The CXX compiler identification is MSVC, found in "D:/repos/MxEngine/CMakeFiles/3.15.19101501-MSVC_2/CompilerIdCXX/CMakeCXXCompilerId.obj"

Compiling the CXX compiler identification source file "CMakeCXXCompilerId.cpp" succeeded.
Compiler: D:/files/Visual Studio/VC/Tools/MSVC/14.24.28314/bin/HostX64/x64/cl.exe 
Build flags: /DWIN32;/D_WINDOWS;/W3;/GR;/EHsc
Id flags: -c 

The output was:
0
Microsoft (R) C/C++ Optimizing Compiler Version 19.24.28316 for x64
Copyright (C) Microsoft Corporation.  All rights reserved.

CMakeCXXCompilerId.cpp


Compilation of the CXX compiler identification source "CMakeCXXCompilerId.cpp" produced "CMakeCXXCompilerId.obj"

The CXX compiler identification is MSVC, found in "D:/repos/MxEngine/CMakeFiles/3.15.19101501-MSVC_2/CompilerIdCXX/CMakeCXXCompilerId.obj"

Compiling the CXX compiler identification source file "CMakeCXXCompilerId.cpp" succeeded.
Compiler: D:/files/Visual Studio/VC/Tools/MSVC/14.24.28314/bin/HostX64/x64/cl.exe 
Build flags: /DWIN32;/D_WINDOWS;/W3;/GR;/EHsc
Id flags: -c 

The output was:
0
Microsoft (R) C/C++ Optimizing Compiler Version 19.24.28316 for x64
Copyright (C) Microsoft Corporation.  All rights reserved.

CMakeCXXCompilerId.cpp


Compilation of the CXX compiler identification source "CMakeCXXCompilerId.cpp" produced "CMakeCXXCompilerId.obj"

The CXX compiler identification is MSVC, found in "D:/repos/MxEngine/CMakeFiles/3.15.19101501-MSVC_2/CompilerIdCXX/CMakeCXXCompilerId.obj"

Compiling the CXX compiler identification source file "CMakeCXXCompilerId.cpp" succeeded.
Compiler: D:/files/Visual Studio/VC/Tools/MSVC/14.24.28314/bin/HostX64/x64/cl.exe 
Build flags: /DWIN32;/D_WINDOWS;/W3;/GR;/EHsc
Id flags: -c 

The output was:
0
Microsoft (R) C/C++ Optimizing Compiler Version 19.24.28316 for x64
Copyright (C) Microsoft Corporation.  All rights reserved.

CMakeCXXCompilerId.cpp


Compilation of the CXX compiler identification source "CMakeCXXCompilerId.cpp" produced "CMakeCXXCompilerId.obj"

The CXX compiler identification is MSVC, found in "D:/repos/MxEngine/CMakeFiles/3.15.19101501-MSVC_2/CompilerIdCXX/CMakeCXXCompilerId.obj"

Compiling the CXX compiler identification source file "CMakeCXXCompilerId.cpp" succeeded.
Compiler: D:/files/Visual Studio/VC/Tools/MSVC/14.24.28314/bin/HostX64/x64/cl.exe 
Build flags: /DWIN32;/D_WINDOWS;/W3;/GR;/EHsc
Id flags: -c 

The output was:
0
Microsoft (R) C/C++ Optimizing Compiler Version 19.24.28316 for x64
Copyright (C) Microsoft Corporation.  All rights reserved.

CMakeCXXCompilerId.cpp


Compilation of the CXX compiler identification source "CMakeCXXCompilerId.cpp" produced "CMakeCXXCompilerId.obj"

The CXX compiler identification is MSVC, found in "D:/repos/MxEngine/CMakeFiles/3.15.19101501-MSVC_2/CompilerIdCXX/CMakeCXXCompilerId.obj"

Compiling the CXX compiler identification source file "CMakeCXXCompilerId.cpp" succeeded.
Compiler: D:/files/Visual Studio/VC/Tools/MSVC/14.24.28314/bin/HostX64/x64/cl.exe 
Build flags: /DWIN32;/D_WINDOWS;/W3;/GR;/EHsc
Id flags: -c 

The output was:
0
Microsoft (R) C/C++ Optimizing Compiler Version 19.24.28316 for x64
Copyright (C) Microsoft Corporation.  All rights reserved.

CMakeCXXCompilerId.cpp


Compilation of the CXX compiler identification source "CMakeCXXCompilerId.cpp" produced "CMakeCXXCompilerId.obj"

The CXX compiler identification is MSVC, found in "D:/repos/MxEngine/CMakeFiles/3.15.19101501-MSVC_2/CompilerIdCXX/CMakeCXXCompilerId.obj"

Compiling the CXX compiler identification source file "CMakeCXXCompilerId.cpp" succeeded.
Compiler: D:/files/Visual Studio/VC/Tools/MSVC/14.24.28314/bin/HostX64/x64/cl.exe 
Build flags: /DWIN32;/D_WINDOWS;/W3;/GR;/EHsc
Id flags: -c 

The output was:
0
Microsoft (R) C/C++ Optimizing Compiler Version 19.24.28316 for x64
Copyright (C) Microsoft Corporation.  All rights reserved.

CMakeCXXCompilerId.cpp


Compilation of the CXX compiler identification source "CMakeCXXCompilerId.cpp" produced "CMakeCXXCompilerId.obj"

The CXX compiler identification is MSVC, found in "D:/repos/MxEngine/CMakeFiles/3.15.19101501-MSVC_2/CompilerIdCXX/CMakeCXXCompilerId.obj"

Compiling the CXX compiler identification source file "CMakeCXXCompilerId.cpp" succeeded.
Compiler: D:/files/Visual Studio/VC/Tools/MSVC/14.24.28314/bin/HostX64/x64/cl.exe 
Build flags: /DWIN32;/D_WINDOWS;/W3;/GR;/EHsc
Id flags: -c 

The output was:
0
Microsoft (R) C/C++ Optimizing Compiler Version 19.24.28316 for x64
Copyright (C) Microsoft Corporation.  All rights reserved.

CMakeCXXCompilerId.cpp


Compilation of the CXX compiler identification source "CMakeCXXCompilerId.cpp" produced "CMakeCXXCompilerId.obj"

The CXX compiler identification is MSVC, found in "D:/repos/MxEngine/CMakeFiles/3.15.19101501-MSVC_2/CompilerIdCXX/CMakeCXXCompilerId.obj"

Compiling the CXX compiler identification source file "CMakeCXXCompilerId.cpp" succeeded.
Compiler: D:/files/Visual Studio/VC/Tools/MSVC/14.24.28314/bin/HostX64/x64/cl.exe 
Build flags: /DWIN32;/D_WINDOWS;/W3;/GR;/EHsc
Id flags: -c 

The output was:
0
Microsoft (R) C/C++ Optimizing Compiler Version 19.24.28316 for x64
Copyright (C) Microsoft Corporation.  All rights reserved.

CMakeCXXCompilerId.cpp


Compilation of the CXX compiler identification source "CMakeCXXCompilerId.cpp" produced "CMakeCXXCompilerId.obj"

The CXX compiler identification is MSVC, found in "D:/repos/MxEngine/CMakeFiles/3.15.19101501-MSVC_2/CompilerIdCXX/CMakeCXXCompilerId.obj"

Compiling the CXX compiler identification source file "CMakeCXXCompilerId.cpp" succeeded.
Compiler: D:/files/Visual Studio/VC/Tools/MSVC/14.24.28314/bin/HostX64/x64/cl.exe 
Build flags: /DWIN32;/D_WINDOWS;/W3;/GR;/EHsc
Id flags: -c 

The output was:
0
Microsoft (R) C/C++ Optimizing Compiler Version 19.24.28316 for x64
Copyright (C) Microsoft Corporation.  All rights reserved.

CMakeCXXCompilerId.cpp


Compilation of the CXX compiler identification source "CMakeCXXCompilerId.cpp" produced "CMakeCXXCompilerId.obj"

The CXX compiler identification is MSVC, found in "D:/repos/MxEngine/CMakeFiles/3.15.19101501-MSVC_2/CompilerIdCXX/CMakeCXXCompilerId.obj"

Compiling the CXX compiler identification source file "CMakeCXXCompilerId.cpp" succeeded.
Compiler: D:/files/Visual Studio/VC/Tools/MSVC/14.24.28314/bin/HostX64/x64/cl.exe 
Build flags: /DWIN32;/D_WINDOWS;/W3;/GR;/EHsc
Id flags: -c 

The output was:
0
Microsoft (R) C/C++ Optimizing Compiler Version 19.24.28316 for x64
Copyright (C) Microsoft Corporation.  All rights reserved.

CMakeCXXCompilerId.cpp


Compilation of the CXX compiler identification source "CMakeCXXCompilerId.cpp" produced "CMakeCXXCompilerId.obj"

The CXX compiler identification is MSVC, found in "D:/repos/MxEngine/CMakeFiles/3.15.19101501-MSVC_2/CompilerIdCXX/CMakeCXXCompilerId.obj"

Compiling the CXX compiler identification source file "CMakeCXXCompilerId.cpp" succeeded.
Compiler: D:/files/Visual Studio/VC/Tools/MSVC/14.24.28314/bin/HostX64/x64/cl.exe 
Build flags: /DWIN32;/D_WINDOWS;/W3;/GR;/EHsc
Id flags: -c 

The output was:
0
Microsoft (R) C/C++ Optimizing Compiler Version 19.24.28316 for x64
Copyright (C) Microsoft Corporation.  All rights reserved.

CMakeCXXCompilerId.cpp


Compilation of the CXX compiler identification source "CMakeCXXCompilerId.cpp" produced "CMakeCXXCompilerId.obj"

The CXX compiler identification is MSVC, found in "D:/repos/MxEngine/CMakeFiles/3.15.19101501-MSVC_2/CompilerIdCXX/CMakeCXXCompilerId.obj"

Compiling the CXX compiler identification source file "CMakeCXXCompilerId.cpp" succeeded.
Compiler: D:/files/Visual Studio/VC/Tools/MSVC/14.24.28314/bin/HostX64/x64/cl.exe 
Build flags: /DWIN32;/D_WINDOWS;/W3;/GR;/EHsc
Id flags: -c 

The output was:
0
Microsoft (R) C/C++ Optimizing Compiler Version 19.24.28316 for x64
Copyright (C) Microsoft Corporation.  All rights reserved.

CMakeCXXCompilerId.cpp


Compilation of the CXX compiler identification source "CMakeCXXCompilerId.cpp" produced "CMakeCXXCompilerId.obj"

The CXX compiler identification is MSVC, found in "D:/repos/MxEngine/CMakeFiles/3.15.19101501-MSVC_2/CompilerIdCXX/CMakeCXXCompilerId.obj"

Compiling the CXX compiler identification source file "CMakeCXXCompilerId.cpp" succeeded.
Compiler: D:/files/Visual Studio/VC/Tools/MSVC/14.24.28314/bin/HostX64/x64/cl.exe 
Build flags: /DWIN32;/D_WINDOWS;/W3;/GR;/EHsc
Id flags: -c 

The output was:
0
Microsoft (R) C/C++ Optimizing Compiler Version 19.24.28316 for x64
Copyright (C) Microsoft Corporation.  All rights reserved.

CMakeCXXCompilerId.cpp


Compilation of the CXX compiler identification source "CMakeCXXCompilerId.cpp" produced "CMakeCXXCompilerId.obj"

The CXX compiler identification is MSVC, found in "D:/repos/MxEngine/CMakeFiles/3.15.19101501-MSVC_2/CompilerIdCXX/CMakeCXXCompilerId.obj"

Compiling the CXX compiler identification source file "CMakeCXXCompilerId.cpp" succeeded.
Compiler: D:/files/Visual Studio/VC/Tools/MSVC/14.24.28314/bin/HostX64/x64/cl.exe 
Build flags: /DWIN32;/D_WINDOWS;/W3;/GR;/EHsc
Id flags: -c 

The output was:
0
Microsoft (R) C/C++ Optimizing Compiler Version 19.24.28316 for x64
Copyright (C) Microsoft Corporation.  All rights reserved.

CMakeCXXCompilerId.cpp


Compilation of the CXX compiler identification source "CMakeCXXCompilerId.cpp" produced "CMakeCXXCompilerId.obj"

The CXX compiler identification is MSVC, found in "D:/repos/MxEngine/CMakeFiles/3.15.19101501-MSVC_2/CompilerIdCXX/CMakeCXXCompilerId.obj"

Compiling the CXX compiler identification source file "CMakeCXXCompilerId.cpp" succeeded.
Compiler: D:/files/Visual Studio/VC/Tools/MSVC/14.24.28314/bin/HostX64/x64/cl.exe 
Build flags: 
Id flags: -c 

The output was:
0
Microsoft (R) C/C++ Optimizing Compiler Version 19.24.28316 for x64
Copyright (C) Microsoft Corporation.  All rights reserved.

CMakeCXXCompilerId.cpp


Compilation of the CXX compiler identification source "CMakeCXXCompilerId.cpp" produced "CMakeCXXCompilerId.obj"

The CXX compiler identification is MSVC, found in "D:/repos/MxEngine/CMakeFiles/3.15.19101501-MSVC_2/CompilerIdCXX/CMakeCXXCompilerId.obj"

Compiling the CXX compiler identification source file "CMakeCXXCompilerId.cpp" succeeded.
Compiler: D:/files/Visual Studio/VC/Tools/MSVC/14.24.28314/bin/HostX64/x64/cl.exe 
Build flags: /DWIN32;/D_WINDOWS;/W3;/GR;/EHsc
Id flags: -c 

The output was:
0
Microsoft (R) C/C++ Optimizing Compiler Version 19.24.28316 for x64
Copyright (C) Microsoft Corporation.  All rights reserved.

CMakeCXXCompilerId.cpp


Compilation of the CXX compiler identification source "CMakeCXXCompilerId.cpp" produced "CMakeCXXCompilerId.obj"

The CXX compiler identification is MSVC, found in "D:/repos/MxEngine/CMakeFiles/3.15.19101501-MSVC_2/CompilerIdCXX/CMakeCXXCompilerId.obj"

Compiling the CXX compiler identification source file "CMakeCXXCompilerId.cpp" succeeded.
Compiler: D:/files/Visual Studio/VC/Tools/MSVC/14.24.28314/bin/HostX64/x64/cl.exe 
Build flags: /DWIN32;/D_WINDOWS;/W3;/GR;/EHsc
Id flags: -c 

The output was:
0
Microsoft (R) C/C++ Optimizing Compiler Version 19.24.28316 for x64
Copyright (C) Microsoft Corporation.  All rights reserved.

CMakeCXXCompilerId.cpp


Compilation of the CXX compiler identification source "CMakeCXXCompilerId.cpp" produced "CMakeCXXCompilerId.obj"

The CXX compiler identification is MSVC, found in "D:/repos/MxEngine/CMakeFiles/3.15.19101501-MSVC_2/CompilerIdCXX/CMakeCXXCompilerId.obj"

Compiling the CXX compiler identification source file "CMakeCXXCompilerId.cpp" succeeded.
Compiler: D:/files/Visual Studio/VC/Tools/MSVC/14.24.28314/bin/HostX64/x64/cl.exe 
Build flags: /DWIN32;/D_WINDOWS;/W3;/GR;/EHsc
Id flags:  

The output was:
0
Microsoft (R) C/C++ Optimizing Compiler Version 19.24.28316 for x64
Copyright (C) Microsoft Corporation.  All rights reserved.

CMakeCXXCompilerId.cpp
Microsoft (R) Incremental Linker Version 14.24.28316.0
Copyright (C) Microsoft Corporation.  All rights reserved.

/out:CMakeCXXCompilerId.exe 
CMakeCXXCompilerId.obj 


Compilation of the CXX compiler identification source "CMakeCXXCompilerId.cpp" produced "CMakeCXXCompilerId.exe"

Compilation of the CXX compiler identification source "CMakeCXXCompilerId.cpp" produced "CMakeCXXCompilerId.obj"

The CXX compiler identification is MSVC, found in "D:/repos/MxEngine/CMakeFiles/3.15.19101501-MSVC_2/CompilerIdCXX/CMakeCXXCompilerId.exe"

Determining if the CXX compiler works passed with the following output:
Change Dir: D:/repos/MxEngine/CMakeFiles/CMakeTmp

Run Build Command(s):D:/files/Visual Studio/Common7/IDE/CommonExtensions/Microsoft/CMake/Ninja/ninja.exe cmTC_9a720 && [1/2] Building CXX object CMakeFiles\cmTC_9a720.dir\testCXXCompiler.cxx.obj
[2/2] Linking CXX executable cmTC_9a720.exe



Detecting CXX compiler ABI info compiled with the following output:
Change Dir: D:/repos/MxEngine/CMakeFiles/CMakeTmp

Run Build Command(s):D:/files/Visual Studio/Common7/IDE/CommonExtensions/Microsoft/CMake/Ninja/ninja.exe cmTC_c25b3 && [1/2] Building CXX object CMakeFiles\cmTC_c25b3.dir\CMakeCXXCompilerABI.cpp.obj
[2/2] Linking CXX executable cmTC_c25b3.exe



Compiling the C compiler identification source file "CMakeCCompilerId.c" succeeded.
Compiler: D:/files/Visual Studio/VC/Tools/MSVC/14.24.28314/bin/HostX64/x64/cl.exe 
Build flags: 
Id flags:  

The output was:
0
Microsoft (R) C/C++ Optimizing Compiler Version 19.24.28316 for x64
Copyright (C) Microsoft Corporation.  All rights reserved.

CMakeCCompilerId.c
Microsoft (R) Incremental Linker Version 14.24.28316.0
Copyright (C) Microsoft Corporation.  All rights reserved.

/out:CMakeCCompilerId.exe 
CMakeCCompilerId.obj 


Compilation of the C compiler identification source "CMakeCCompilerId.c" produced "CMakeCCompilerId.exe"

Compilation of the C compiler identification source "CMakeCCompilerId.c" produced "CMakeCCompilerId.obj"

The C compiler identification is MSVC, found in "D:/repos/MxEngine/CMakeFiles/3.15.19101501-MSVC_2/CompilerIdC/CMakeCCompilerId.exe"

Determining if the C compiler works passed with the following output:
Change Dir: D:/repos/MxEngine/CMakeFiles/CMakeTmp

Run Build Command(s):D:/files/Visual Studio/Common7/IDE/CommonExtensions/Microsoft/CMake/Ninja/ninja.exe cmTC_8749a && [1/2] Building C object CMakeFiles\cmTC_8749a.dir\testCCompiler.c.obj
[2/2] Linking C executable cmTC_8749a.exe



Detecting C compiler ABI info compiled with the following output:
Change Dir: D:/repos/MxEngine/CMakeFiles/CMakeTmp

Run Build Command(s):D:/files/Visual Studio/Common7/IDE/CommonExtensions/Microsoft/CMake/Ninja/ninja.exe cmTC_e85be && [1/2] Building C object CMakeFiles\cmTC_e85be.dir\CMakeCCompilerABI.c.obj
[2/2] Linking C executable cmTC_e85be.exe



Determining if the include file sys/types.h exists passed with the following output:
Change Dir: D:/repos/MxEngine/CMakeFiles/CMakeTmp

Run Build Command(s):D:/files/Visual Studio/Common7/IDE/CommonExtensions/Microsoft/CMake/Ninja/ninja.exe cmTC_22e95 && [1/2] Building C object CMakeFiles\cmTC_22e95.dir\CheckIncludeFile.c.obj
[2/2] Linking C executable cmTC_22e95.exe



Determining if the include file stdint.h exists passed with the following output:
Change Dir: D:/repos/MxEngine/CMakeFiles/CMakeTmp

Run Build Command(s):D:/files/Visual Studio/Common7/IDE/CommonExtensions/Microsoft/CMake/Ninja/ninja.exe cmTC_64d4e && [1/2] Building C object CMakeFiles\cmTC_64d4e.dir\CheckIncludeFile.c.obj
[2/2] Linking C executable cmTC_64d4e.exe



Determining if the include file stddef.h exists passed with the following output:
Change Dir: D:/repos/MxEngine/CMakeFiles/CMakeTmp

Run Build Command(s):D:/files/Visual Studio/Common7/IDE/CommonExtensions/Microsoft/CMake/Ninja/ninja.exe cmTC_a48df && [1/2] Building C object CMakeFiles\cmTC_a48df.dir\CheckIncludeFile.c.obj
[2/2] Linking C executable cmTC_a48df.exe



