The system is: CYGWIN - 3.1.2(0.340/5/3) - x86_64
Compiling the CXX compiler identification source file "CMakeCXXCompilerId.cpp" succeeded.
Compiler: /usr/bin/c++.exe 
Build flags: 
Id flags:  

The output was:
0


Compilation of the CXX compiler identification source "CMakeCXXCompilerId.cpp" produced "a.exe"

The CXX compiler identification is GNU, found in "/cygdrive/d/repos/MxEngine/src/CMakeFiles/3.14.5/CompilerIdCXX/a.exe"

Determining if the CXX compiler works passed with the following output:
Change Dir: /cygdrive/d/repos/MxEngine/src/CMakeFiles/CMakeTmp

Run Build Command(s):/usr/bin/make.exe cmTC_73dfa/fast 
/usr/bin/make -f CMakeFiles/cmTC_73dfa.dir/build.make CMakeFiles/cmTC_73dfa.dir/build
make[1]: Entering directory '/cygdrive/d/repos/MxEngine/src/CMakeFiles/CMakeTmp'
Building CXX object CMakeFiles/cmTC_73dfa.dir/testCXXCompiler.cxx.o
/usr/bin/c++.exe     -o CMakeFiles/cmTC_73dfa.dir/testCXXCompiler.cxx.o -c /cygdrive/d/repos/MxEngine/src/CMakeFiles/CMakeTmp/testCXXCompiler.cxx
Linking CXX executable cmTC_73dfa.exe
/usr/bin/cmake.exe -E cmake_link_script CMakeFiles/cmTC_73dfa.dir/link.txt --verbose=1
/usr/bin/c++.exe    -Wl,--enable-auto-import  CMakeFiles/cmTC_73dfa.dir/testCXXCompiler.cxx.o  -o cmTC_73dfa.exe -Wl,--out-implib,libcmTC_73dfa.dll.a -Wl,--major-image-version,0,--minor-image-version,0 
make[1]: Leaving directory '/cygdrive/d/repos/MxEngine/src/CMakeFiles/CMakeTmp'


Detecting CXX compiler ABI info compiled with the following output:
Change Dir: /cygdrive/d/repos/MxEngine/src/CMakeFiles/CMakeTmp

Run Build Command(s):/usr/bin/make.exe cmTC_a6b31/fast 
/usr/bin/make -f CMakeFiles/cmTC_a6b31.dir/build.make CMakeFiles/cmTC_a6b31.dir/build
make[1]: Entering directory '/cygdrive/d/repos/MxEngine/src/CMakeFiles/CMakeTmp'
Building CXX object CMakeFiles/cmTC_a6b31.dir/CMakeCXXCompilerABI.cpp.o
/usr/bin/c++.exe    -v -o CMakeFiles/cmTC_a6b31.dir/CMakeCXXCompilerABI.cpp.o -c /usr/share/cmake-3.14.5/Modules/CMakeCXXCompilerABI.cpp
Using built-in specs.
COLLECT_GCC=/usr/bin/c++
Target: x86_64-pc-cygwin
Configured with: /cygdrive/i/szsz/tmpp/gcc/gcc-7.4.0-1.x86_64/src/gcc-7.4.0/configure --srcdir=/cygdrive/i/szsz/tmpp/gcc/gcc-7.4.0-1.x86_64/src/gcc-7.4.0 --prefix=/usr --exec-prefix=/usr --localstatedir=/var --sysconfdir=/etc --docdir=/usr/share/doc/gcc --htmldir=/usr/share/doc/gcc/html -C --build=x86_64-pc-cygwin --host=x86_64-pc-cygwin --target=x86_64-pc-cygwin --without-libiconv-prefix --without-libintl-prefix --libexecdir=/usr/lib --enable-shared --enable-shared-libgcc --enable-static --enable-version-specific-runtime-libs --enable-bootstrap --enable-__cxa_atexit --with-dwarf2 --with-tune=generic --enable-languages=ada,c,c++,fortran,lto,objc,obj-c++ --enable-graphite --enable-threads=posix --enable-libatomic --enable-libcilkrts --enable-libgomp --enable-libitm --enable-libquadmath --enable-libquadmath-support --disable-libssp --enable-libada --disable-symvers --with-gnu-ld --with-gnu-as --with-cloog-include=/usr/include/cloog-isl --without-libiconv-prefix --without-libintl-prefix --with-system-zlib --enable-linker-build-id --with-default-libstdcxx-abi=gcc4-compatible --enable-libstdcxx-filesystem-ts
Thread model: posix
gcc version 7.4.0 (GCC) 
COLLECT_GCC_OPTIONS='-v' '-o' 'CMakeFiles/cmTC_a6b31.dir/CMakeCXXCompilerABI.cpp.o' '-c' '-shared-libgcc' '-mtune=generic' '-march=x86-64'
 /usr/lib/gcc/x86_64-pc-cygwin/7.4.0/cc1plus.exe -quiet -v -idirafter /usr/lib/gcc/x86_64-pc-cygwin/7.4.0/../../../../lib/../include/w32api -idirafter /usr/lib/gcc/x86_64-pc-cygwin/7.4.0/../../../../x86_64-pc-cygwin/lib/../lib/../../include/w32api /usr/share/cmake-3.14.5/Modules/CMakeCXXCompilerABI.cpp -quiet -dumpbase CMakeCXXCompilerABI.cpp -mtune=generic -march=x86-64 -auxbase-strip CMakeFiles/cmTC_a6b31.dir/CMakeCXXCompilerABI.cpp.o -version -o /cygdrive/c/Users/Momo/AppData/Local/Temp/ccDi8JU2.s
GNU C++14 (GCC) version 7.4.0 (x86_64-pc-cygwin)
	compiled by GNU C version 7.4.0, GMP version 6.1.2, MPFR version 4.0.1-p11, MPC version 1.1.0, isl version isl-0.16.1-GMP

warning: MPFR header version 4.0.1-p11 differs from library version 4.0.2.
GGC heuristics: --param ggc-min-expand=100 --param ggc-min-heapsize=131072
ignoring nonexistent directory "/usr/lib/gcc/x86_64-pc-cygwin/7.4.0/include-fixed"
ignoring nonexistent directory "/usr/lib/gcc/x86_64-pc-cygwin/7.4.0/../../../../x86_64-pc-cygwin/include"
ignoring duplicate directory "/usr/lib/gcc/x86_64-pc-cygwin/7.4.0/../../../../x86_64-pc-cygwin/lib/../lib/../../include/w32api"
#include "..." search starts here:
#include <...> search starts here:
 /usr/lib/gcc/x86_64-pc-cygwin/7.4.0/include/c++
 /usr/lib/gcc/x86_64-pc-cygwin/7.4.0/include/c++/x86_64-pc-cygwin
 /usr/lib/gcc/x86_64-pc-cygwin/7.4.0/include/c++/backward
 /usr/lib/gcc/x86_64-pc-cygwin/7.4.0/include
 /usr/local/include
 /usr/include
 /usr/lib/gcc/x86_64-pc-cygwin/7.4.0/../../../../lib/../include/w32api
End of search list.
GNU C++14 (GCC) version 7.4.0 (x86_64-pc-cygwin)
	compiled by GNU C version 7.4.0, GMP version 6.1.2, MPFR version 4.0.1-p11, MPC version 1.1.0, isl version isl-0.16.1-GMP

warning: MPFR header version 4.0.1-p11 differs from library version 4.0.2.
GGC heuristics: --param ggc-min-expand=100 --param ggc-min-heapsize=131072
Compiler executable checksum: fad625746d9e5a9fde6f0a54da0c00b5
COLLECT_GCC_OPTIONS='-v' '-o' 'CMakeFiles/cmTC_a6b31.dir/CMakeCXXCompilerABI.cpp.o' '-c' '-shared-libgcc' '-mtune=generic' '-march=x86-64'
 /usr/lib/gcc/x86_64-pc-cygwin/7.4.0/../../../../x86_64-pc-cygwin/bin/as.exe -v -o CMakeFiles/cmTC_a6b31.dir/CMakeCXXCompilerABI.cpp.o /cygdrive/c/Users/Momo/AppData/Local/Temp/ccDi8JU2.s
GNU assembler version 2.29.1 (x86_64-pc-cygwin) using BFD version (GNU Binutils) 2.29.1.20171006
COMPILER_PATH=/usr/lib/gcc/x86_64-pc-cygwin/7.4.0/:/usr/lib/gcc/x86_64-pc-cygwin/7.4.0/:/usr/lib/gcc/x86_64-pc-cygwin/:/usr/lib/gcc/x86_64-pc-cygwin/7.4.0/:/usr/lib/gcc/x86_64-pc-cygwin/:/usr/lib/gcc/x86_64-pc-cygwin/7.4.0/../../../../x86_64-pc-cygwin/bin/
LIBRARY_PATH=/usr/lib/gcc/x86_64-pc-cygwin/7.4.0/:/usr/lib/gcc/x86_64-pc-cygwin/7.4.0/../../../../x86_64-pc-cygwin/lib/../lib/:/usr/lib/gcc/x86_64-pc-cygwin/7.4.0/../../../../lib/:/lib/../lib/:/usr/lib/../lib/:/usr/lib/gcc/x86_64-pc-cygwin/7.4.0/../../../../x86_64-pc-cygwin/lib/:/usr/lib/gcc/x86_64-pc-cygwin/7.4.0/../../../:/lib/:/usr/lib/
COLLECT_GCC_OPTIONS='-v' '-o' 'CMakeFiles/cmTC_a6b31.dir/CMakeCXXCompilerABI.cpp.o' '-c' '-shared-libgcc' '-mtune=generic' '-march=x86-64'
Linking CXX executable cmTC_a6b31.exe
/usr/bin/cmake.exe -E cmake_link_script CMakeFiles/cmTC_a6b31.dir/link.txt --verbose=1
/usr/bin/c++.exe    -Wl,--enable-auto-import -v CMakeFiles/cmTC_a6b31.dir/CMakeCXXCompilerABI.cpp.o  -o cmTC_a6b31.exe -Wl,--out-implib,libcmTC_a6b31.dll.a -Wl,--major-image-version,0,--minor-image-version,0 
Using built-in specs.
COLLECT_GCC=/usr/bin/c++
COLLECT_LTO_WRAPPER=/usr/lib/gcc/x86_64-pc-cygwin/7.4.0/lto-wrapper.exe
Target: x86_64-pc-cygwin
Configured with: /cygdrive/i/szsz/tmpp/gcc/gcc-7.4.0-1.x86_64/src/gcc-7.4.0/configure --srcdir=/cygdrive/i/szsz/tmpp/gcc/gcc-7.4.0-1.x86_64/src/gcc-7.4.0 --prefix=/usr --exec-prefix=/usr --localstatedir=/var --sysconfdir=/etc --docdir=/usr/share/doc/gcc --htmldir=/usr/share/doc/gcc/html -C --build=x86_64-pc-cygwin --host=x86_64-pc-cygwin --target=x86_64-pc-cygwin --without-libiconv-prefix --without-libintl-prefix --libexecdir=/usr/lib --enable-shared --enable-shared-libgcc --enable-static --enable-version-specific-runtime-libs --enable-bootstrap --enable-__cxa_atexit --with-dwarf2 --with-tune=generic --enable-languages=ada,c,c++,fortran,lto,objc,obj-c++ --enable-graphite --enable-threads=posix --enable-libatomic --enable-libcilkrts --enable-libgomp --enable-libitm --enable-libquadmath --enable-libquadmath-support --disable-libssp --enable-libada --disable-symvers --with-gnu-ld --with-gnu-as --with-cloog-include=/usr/include/cloog-isl --without-libiconv-prefix --without-libintl-prefix --with-system-zlib --enable-linker-build-id --with-default-libstdcxx-abi=gcc4-compatible --enable-libstdcxx-filesystem-ts
Thread model: posix
gcc version 7.4.0 (GCC) 
COMPILER_PATH=/usr/lib/gcc/x86_64-pc-cygwin/7.4.0/:/usr/lib/gcc/x86_64-pc-cygwin/7.4.0/:/usr/lib/gcc/x86_64-pc-cygwin/:/usr/lib/gcc/x86_64-pc-cygwin/7.4.0/:/usr/lib/gcc/x86_64-pc-cygwin/:/usr/lib/gcc/x86_64-pc-cygwin/7.4.0/../../../../x86_64-pc-cygwin/bin/
LIBRARY_PATH=/usr/lib/gcc/x86_64-pc-cygwin/7.4.0/:/usr/lib/gcc/x86_64-pc-cygwin/7.4.0/../../../../x86_64-pc-cygwin/lib/../lib/:/usr/lib/gcc/x86_64-pc-cygwin/7.4.0/../../../../lib/:/lib/../lib/:/usr/lib/../lib/:/usr/lib/gcc/x86_64-pc-cygwin/7.4.0/../../../../x86_64-pc-cygwin/lib/:/usr/lib/gcc/x86_64-pc-cygwin/7.4.0/../../../:/lib/:/usr/lib/
COLLECT_GCC_OPTIONS='-v' '-o' 'cmTC_a6b31.exe' '-shared-libgcc' '-mtune=generic' '-march=x86-64'
 /usr/lib/gcc/x86_64-pc-cygwin/7.4.0/collect2.exe -plugin /usr/lib/gcc/x86_64-pc-cygwin/7.4.0/cyglto_plugin.dll -plugin-opt=/usr/lib/gcc/x86_64-pc-cygwin/7.4.0/lto-wrapper.exe -plugin-opt=-fresolution=/cygdrive/c/Users/Momo/AppData/Local/Temp/ccvVJILT.res -plugin-opt=-pass-through=-lgcc_s -plugin-opt=-pass-through=-lgcc -plugin-opt=-pass-through=-lcygwin -plugin-opt=-pass-through=-ladvapi32 -plugin-opt=-pass-through=-lshell32 -plugin-opt=-pass-through=-luser32 -plugin-opt=-pass-through=-lkernel32 -plugin-opt=-pass-through=-lgcc_s -plugin-opt=-pass-through=-lgcc --build-id -m i386pep --wrap _Znwm --wrap _Znam --wrap _ZdlPv --wrap _ZdaPv --wrap _ZnwmRKSt9nothrow_t --wrap _ZnamRKSt9nothrow_t --wrap _ZdlPvRKSt9nothrow_t --wrap _ZdaPvRKSt9nothrow_t -Bdynamic --dll-search-prefix=cyg --tsaware -o cmTC_a6b31.exe /usr/lib/gcc/x86_64-pc-cygwin/7.4.0/../../../../lib/crt0.o /usr/lib/gcc/x86_64-pc-cygwin/7.4.0/crtbegin.o -L/usr/lib/gcc/x86_64-pc-cygwin/7.4.0 -L/usr/lib/gcc/x86_64-pc-cygwin/7.4.0/../../../../x86_64-pc-cygwin/lib/../lib -L/usr/lib/gcc/x86_64-pc-cygwin/7.4.0/../../../../lib -L/lib/../lib -L/usr/lib/../lib -L/usr/lib/gcc/x86_64-pc-cygwin/7.4.0/../../../../x86_64-pc-cygwin/lib -L/usr/lib/gcc/x86_64-pc-cygwin/7.4.0/../../.. --enable-auto-import CMakeFiles/cmTC_a6b31.dir/CMakeCXXCompilerABI.cpp.o --out-implib libcmTC_a6b31.dll.a --major-image-version 0 --minor-image-version 0 -lstdc++ -lgcc_s -lgcc -lcygwin -ladvapi32 -lshell32 -luser32 -lkernel32 -lgcc_s -lgcc /usr/lib/gcc/x86_64-pc-cygwin/7.4.0/../../../../lib/default-manifest.o /usr/lib/gcc/x86_64-pc-cygwin/7.4.0/crtend.o
COLLECT_GCC_OPTIONS='-v' '-o' 'cmTC_a6b31.exe' '-shared-libgcc' '-mtune=generic' '-march=x86-64'
make[1]: Leaving directory '/cygdrive/d/repos/MxEngine/src/CMakeFiles/CMakeTmp'


Parsed CXX implicit include dir info from above output: rv=done
  found start of include info
  found start of implicit include info
    add: [/usr/lib/gcc/x86_64-pc-cygwin/7.4.0/include/c++]
    add: [/usr/lib/gcc/x86_64-pc-cygwin/7.4.0/include/c++/x86_64-pc-cygwin]
    add: [/usr/lib/gcc/x86_64-pc-cygwin/7.4.0/include/c++/backward]
    add: [/usr/lib/gcc/x86_64-pc-cygwin/7.4.0/include]
    add: [/usr/local/include]
    add: [/usr/include]
    add: [/usr/lib/gcc/x86_64-pc-cygwin/7.4.0/../../../../lib/../include/w32api]
  end of search list found
  collapse include dir [/usr/lib/gcc/x86_64-pc-cygwin/7.4.0/include/c++] ==> [/usr/lib/gcc/x86_64-pc-cygwin/7.4.0/include/c++]
  collapse include dir [/usr/lib/gcc/x86_64-pc-cygwin/7.4.0/include/c++/x86_64-pc-cygwin] ==> [/usr/lib/gcc/x86_64-pc-cygwin/7.4.0/include/c++/x86_64-pc-cygwin]
  collapse include dir [/usr/lib/gcc/x86_64-pc-cygwin/7.4.0/include/c++/backward] ==> [/usr/lib/gcc/x86_64-pc-cygwin/7.4.0/include/c++/backward]
  collapse include dir [/usr/lib/gcc/x86_64-pc-cygwin/7.4.0/include] ==> [/usr/lib/gcc/x86_64-pc-cygwin/7.4.0/include]
  collapse include dir [/usr/local/include] ==> [/usr/local/include]
  collapse include dir [/usr/include] ==> [/usr/include]
  collapse include dir [/usr/lib/gcc/x86_64-pc-cygwin/7.4.0/../../../../lib/../include/w32api] ==> [/usr/include/w32api]
  implicit include dirs: [/usr/lib/gcc/x86_64-pc-cygwin/7.4.0/include/c++;/usr/lib/gcc/x86_64-pc-cygwin/7.4.0/include/c++/x86_64-pc-cygwin;/usr/lib/gcc/x86_64-pc-cygwin/7.4.0/include/c++/backward;/usr/lib/gcc/x86_64-pc-cygwin/7.4.0/include;/usr/local/include;/usr/include;/usr/include/w32api]


Parsed CXX implicit link information from above output:
  link line regex: [^( *|.*[/\])(ld\.exe|CMAKE_LINK_STARTFILE-NOTFOUND|([^/\]+-)?ld|collect2)[^/\]*( |$)]
  ignore line: [Change Dir: /cygdrive/d/repos/MxEngine/src/CMakeFiles/CMakeTmp]
  ignore line: []
  ignore line: [Run Build Command(s):/usr/bin/make.exe cmTC_a6b31/fast ]
  ignore line: [/usr/bin/make -f CMakeFiles/cmTC_a6b31.dir/build.make CMakeFiles/cmTC_a6b31.dir/build]
  ignore line: [make[1]: Entering directory '/cygdrive/d/repos/MxEngine/src/CMakeFiles/CMakeTmp']
  ignore line: [Building CXX object CMakeFiles/cmTC_a6b31.dir/CMakeCXXCompilerABI.cpp.o]
  ignore line: [/usr/bin/c++.exe    -v -o CMakeFiles/cmTC_a6b31.dir/CMakeCXXCompilerABI.cpp.o -c /usr/share/cmake-3.14.5/Modules/CMakeCXXCompilerABI.cpp]
  ignore line: [Using built-in specs.]
  ignore line: [COLLECT_GCC=/usr/bin/c++]
  ignore line: [Target: x86_64-pc-cygwin]
  ignore line: [Configured with: /cygdrive/i/szsz/tmpp/gcc/gcc-7.4.0-1.x86_64/src/gcc-7.4.0/configure --srcdir=/cygdrive/i/szsz/tmpp/gcc/gcc-7.4.0-1.x86_64/src/gcc-7.4.0 --prefix=/usr --exec-prefix=/usr --localstatedir=/var --sysconfdir=/etc --docdir=/usr/share/doc/gcc --htmldir=/usr/share/doc/gcc/html -C --build=x86_64-pc-cygwin --host=x86_64-pc-cygwin --target=x86_64-pc-cygwin --without-libiconv-prefix --without-libintl-prefix --libexecdir=/usr/lib --enable-shared --enable-shared-libgcc --enable-static --enable-version-specific-runtime-libs --enable-bootstrap --enable-__cxa_atexit --with-dwarf2 --with-tune=generic --enable-languages=ada,c,c++,fortran,lto,objc,obj-c++ --enable-graphite --enable-threads=posix --enable-libatomic --enable-libcilkrts --enable-libgomp --enable-libitm --enable-libquadmath --enable-libquadmath-support --disable-libssp --enable-libada --disable-symvers --with-gnu-ld --with-gnu-as --with-cloog-include=/usr/include/cloog-isl --without-libiconv-prefix --without-libintl-prefix --with-system-zlib --enable-linker-build-id --with-default-libstdcxx-abi=gcc4-compatible --enable-libstdcxx-filesystem-ts]
  ignore line: [Thread model: posix]
  ignore line: [gcc version 7.4.0 (GCC) ]
  ignore line: [COLLECT_GCC_OPTIONS='-v' '-o' 'CMakeFiles/cmTC_a6b31.dir/CMakeCXXCompilerABI.cpp.o' '-c' '-shared-libgcc' '-mtune=generic' '-march=x86-64']
  ignore line: [ /usr/lib/gcc/x86_64-pc-cygwin/7.4.0/cc1plus.exe -quiet -v -idirafter /usr/lib/gcc/x86_64-pc-cygwin/7.4.0/../../../../lib/../include/w32api -idirafter /usr/lib/gcc/x86_64-pc-cygwin/7.4.0/../../../../x86_64-pc-cygwin/lib/../lib/../../include/w32api /usr/share/cmake-3.14.5/Modules/CMakeCXXCompilerABI.cpp -quiet -dumpbase CMakeCXXCompilerABI.cpp -mtune=generic -march=x86-64 -auxbase-strip CMakeFiles/cmTC_a6b31.dir/CMakeCXXCompilerABI.cpp.o -version -o /cygdrive/c/Users/Momo/AppData/Local/Temp/ccDi8JU2.s]
  ignore line: [GNU C++14 (GCC) version 7.4.0 (x86_64-pc-cygwin)]
  ignore line: [	compiled by GNU C version 7.4.0, GMP version 6.1.2, MPFR version 4.0.1-p11, MPC version 1.1.0, isl version isl-0.16.1-GMP]
  ignore line: []
  ignore line: [warning: MPFR header version 4.0.1-p11 differs from library version 4.0.2.]
  ignore line: [GGC heuristics: --param ggc-min-expand=100 --param ggc-min-heapsize=131072]
  ignore line: [ignoring nonexistent directory "/usr/lib/gcc/x86_64-pc-cygwin/7.4.0/include-fixed"]
  ignore line: [ignoring nonexistent directory "/usr/lib/gcc/x86_64-pc-cygwin/7.4.0/../../../../x86_64-pc-cygwin/include"]
  ignore line: [ignoring duplicate directory "/usr/lib/gcc/x86_64-pc-cygwin/7.4.0/../../../../x86_64-pc-cygwin/lib/../lib/../../include/w32api"]
  ignore line: [#include "..." search starts here:]
  ignore line: [#include <...> search starts here:]
  ignore line: [ /usr/lib/gcc/x86_64-pc-cygwin/7.4.0/include/c++]
  ignore line: [ /usr/lib/gcc/x86_64-pc-cygwin/7.4.0/include/c++/x86_64-pc-cygwin]
  ignore line: [ /usr/lib/gcc/x86_64-pc-cygwin/7.4.0/include/c++/backward]
  ignore line: [ /usr/lib/gcc/x86_64-pc-cygwin/7.4.0/include]
  ignore line: [ /usr/local/include]
  ignore line: [ /usr/include]
  ignore line: [ /usr/lib/gcc/x86_64-pc-cygwin/7.4.0/../../../../lib/../include/w32api]
  ignore line: [End of search list.]
  ignore line: [GNU C++14 (GCC) version 7.4.0 (x86_64-pc-cygwin)]
  ignore line: [	compiled by GNU C version 7.4.0, GMP version 6.1.2, MPFR version 4.0.1-p11, MPC version 1.1.0, isl version isl-0.16.1-GMP]
  ignore line: []
  ignore line: [warning: MPFR header version 4.0.1-p11 differs from library version 4.0.2.]
  ignore line: [GGC heuristics: --param ggc-min-expand=100 --param ggc-min-heapsize=131072]
  ignore line: [Compiler executable checksum: fad625746d9e5a9fde6f0a54da0c00b5]
  ignore line: [COLLECT_GCC_OPTIONS='-v' '-o' 'CMakeFiles/cmTC_a6b31.dir/CMakeCXXCompilerABI.cpp.o' '-c' '-shared-libgcc' '-mtune=generic' '-march=x86-64']
  ignore line: [ /usr/lib/gcc/x86_64-pc-cygwin/7.4.0/../../../../x86_64-pc-cygwin/bin/as.exe -v -o CMakeFiles/cmTC_a6b31.dir/CMakeCXXCompilerABI.cpp.o /cygdrive/c/Users/Momo/AppData/Local/Temp/ccDi8JU2.s]
  ignore line: [GNU assembler version 2.29.1 (x86_64-pc-cygwin) using BFD version (GNU Binutils) 2.29.1.20171006]
  ignore line: [COMPILER_PATH=/usr/lib/gcc/x86_64-pc-cygwin/7.4.0/:/usr/lib/gcc/x86_64-pc-cygwin/7.4.0/:/usr/lib/gcc/x86_64-pc-cygwin/:/usr/lib/gcc/x86_64-pc-cygwin/7.4.0/:/usr/lib/gcc/x86_64-pc-cygwin/:/usr/lib/gcc/x86_64-pc-cygwin/7.4.0/../../../../x86_64-pc-cygwin/bin/]
  ignore line: [LIBRARY_PATH=/usr/lib/gcc/x86_64-pc-cygwin/7.4.0/:/usr/lib/gcc/x86_64-pc-cygwin/7.4.0/../../../../x86_64-pc-cygwin/lib/../lib/:/usr/lib/gcc/x86_64-pc-cygwin/7.4.0/../../../../lib/:/lib/../lib/:/usr/lib/../lib/:/usr/lib/gcc/x86_64-pc-cygwin/7.4.0/../../../../x86_64-pc-cygwin/lib/:/usr/lib/gcc/x86_64-pc-cygwin/7.4.0/../../../:/lib/:/usr/lib/]
  ignore line: [COLLECT_GCC_OPTIONS='-v' '-o' 'CMakeFiles/cmTC_a6b31.dir/CMakeCXXCompilerABI.cpp.o' '-c' '-shared-libgcc' '-mtune=generic' '-march=x86-64']
  ignore line: [Linking CXX executable cmTC_a6b31.exe]
  ignore line: [/usr/bin/cmake.exe -E cmake_link_script CMakeFiles/cmTC_a6b31.dir/link.txt --verbose=1]
  ignore line: [/usr/bin/c++.exe    -Wl,--enable-auto-import -v CMakeFiles/cmTC_a6b31.dir/CMakeCXXCompilerABI.cpp.o  -o cmTC_a6b31.exe -Wl,--out-implib,libcmTC_a6b31.dll.a -Wl,--major-image-version,0,--minor-image-version,0 ]
  ignore line: [Using built-in specs.]
  ignore line: [COLLECT_GCC=/usr/bin/c++]
  ignore line: [COLLECT_LTO_WRAPPER=/usr/lib/gcc/x86_64-pc-cygwin/7.4.0/lto-wrapper.exe]
  ignore line: [Target: x86_64-pc-cygwin]
  ignore line: [Configured with: /cygdrive/i/szsz/tmpp/gcc/gcc-7.4.0-1.x86_64/src/gcc-7.4.0/configure --srcdir=/cygdrive/i/szsz/tmpp/gcc/gcc-7.4.0-1.x86_64/src/gcc-7.4.0 --prefix=/usr --exec-prefix=/usr --localstatedir=/var --sysconfdir=/etc --docdir=/usr/share/doc/gcc --htmldir=/usr/share/doc/gcc/html -C --build=x86_64-pc-cygwin --host=x86_64-pc-cygwin --target=x86_64-pc-cygwin --without-libiconv-prefix --without-libintl-prefix --libexecdir=/usr/lib --enable-shared --enable-shared-libgcc --enable-static --enable-version-specific-runtime-libs --enable-bootstrap --enable-__cxa_atexit --with-dwarf2 --with-tune=generic --enable-languages=ada,c,c++,fortran,lto,objc,obj-c++ --enable-graphite --enable-threads=posix --enable-libatomic --enable-libcilkrts --enable-libgomp --enable-libitm --enable-libquadmath --enable-libquadmath-support --disable-libssp --enable-libada --disable-symvers --with-gnu-ld --with-gnu-as --with-cloog-include=/usr/include/cloog-isl --without-libiconv-prefix --without-libintl-prefix --with-system-zlib --enable-linker-build-id --with-default-libstdcxx-abi=gcc4-compatible --enable-libstdcxx-filesystem-ts]
  ignore line: [Thread model: posix]
  ignore line: [gcc version 7.4.0 (GCC) ]
  ignore line: [COMPILER_PATH=/usr/lib/gcc/x86_64-pc-cygwin/7.4.0/:/usr/lib/gcc/x86_64-pc-cygwin/7.4.0/:/usr/lib/gcc/x86_64-pc-cygwin/:/usr/lib/gcc/x86_64-pc-cygwin/7.4.0/:/usr/lib/gcc/x86_64-pc-cygwin/:/usr/lib/gcc/x86_64-pc-cygwin/7.4.0/../../../../x86_64-pc-cygwin/bin/]
  ignore line: [LIBRARY_PATH=/usr/lib/gcc/x86_64-pc-cygwin/7.4.0/:/usr/lib/gcc/x86_64-pc-cygwin/7.4.0/../../../../x86_64-pc-cygwin/lib/../lib/:/usr/lib/gcc/x86_64-pc-cygwin/7.4.0/../../../../lib/:/lib/../lib/:/usr/lib/../lib/:/usr/lib/gcc/x86_64-pc-cygwin/7.4.0/../../../../x86_64-pc-cygwin/lib/:/usr/lib/gcc/x86_64-pc-cygwin/7.4.0/../../../:/lib/:/usr/lib/]
  ignore line: [COLLECT_GCC_OPTIONS='-v' '-o' 'cmTC_a6b31.exe' '-shared-libgcc' '-mtune=generic' '-march=x86-64']
  link line: [ /usr/lib/gcc/x86_64-pc-cygwin/7.4.0/collect2.exe -plugin /usr/lib/gcc/x86_64-pc-cygwin/7.4.0/cyglto_plugin.dll -plugin-opt=/usr/lib/gcc/x86_64-pc-cygwin/7.4.0/lto-wrapper.exe -plugin-opt=-fresolution=/cygdrive/c/Users/Momo/AppData/Local/Temp/ccvVJILT.res -plugin-opt=-pass-through=-lgcc_s -plugin-opt=-pass-through=-lgcc -plugin-opt=-pass-through=-lcygwin -plugin-opt=-pass-through=-ladvapi32 -plugin-opt=-pass-through=-lshell32 -plugin-opt=-pass-through=-luser32 -plugin-opt=-pass-through=-lkernel32 -plugin-opt=-pass-through=-lgcc_s -plugin-opt=-pass-through=-lgcc --build-id -m i386pep --wrap _Znwm --wrap _Znam --wrap _ZdlPv --wrap _ZdaPv --wrap _ZnwmRKSt9nothrow_t --wrap _ZnamRKSt9nothrow_t --wrap _ZdlPvRKSt9nothrow_t --wrap _ZdaPvRKSt9nothrow_t -Bdynamic --dll-search-prefix=cyg --tsaware -o cmTC_a6b31.exe /usr/lib/gcc/x86_64-pc-cygwin/7.4.0/../../../../lib/crt0.o /usr/lib/gcc/x86_64-pc-cygwin/7.4.0/crtbegin.o -L/usr/lib/gcc/x86_64-pc-cygwin/7.4.0 -L/usr/lib/gcc/x86_64-pc-cygwin/7.4.0/../../../../x86_64-pc-cygwin/lib/../lib -L/usr/lib/gcc/x86_64-pc-cygwin/7.4.0/../../../../lib -L/lib/../lib -L/usr/lib/../lib -L/usr/lib/gcc/x86_64-pc-cygwin/7.4.0/../../../../x86_64-pc-cygwin/lib -L/usr/lib/gcc/x86_64-pc-cygwin/7.4.0/../../.. --enable-auto-import CMakeFiles/cmTC_a6b31.dir/CMakeCXXCompilerABI.cpp.o --out-implib libcmTC_a6b31.dll.a --major-image-version 0 --minor-image-version 0 -lstdc++ -lgcc_s -lgcc -lcygwin -ladvapi32 -lshell32 -luser32 -lkernel32 -lgcc_s -lgcc /usr/lib/gcc/x86_64-pc-cygwin/7.4.0/../../../../lib/default-manifest.o /usr/lib/gcc/x86_64-pc-cygwin/7.4.0/crtend.o]
    arg [/usr/lib/gcc/x86_64-pc-cygwin/7.4.0/collect2.exe] ==> ignore
    arg [-plugin] ==> ignore
    arg [/usr/lib/gcc/x86_64-pc-cygwin/7.4.0/cyglto_plugin.dll] ==> ignore
    arg [-plugin-opt=/usr/lib/gcc/x86_64-pc-cygwin/7.4.0/lto-wrapper.exe] ==> ignore
    arg [-plugin-opt=-fresolution=/cygdrive/c/Users/Momo/AppData/Local/Temp/ccvVJILT.res] ==> ignore
    arg [-plugin-opt=-pass-through=-lgcc_s] ==> ignore
    arg [-plugin-opt=-pass-through=-lgcc] ==> ignore
    arg [-plugin-opt=-pass-through=-lcygwin] ==> ignore
    arg [-plugin-opt=-pass-through=-ladvapi32] ==> ignore
    arg [-plugin-opt=-pass-through=-lshell32] ==> ignore
    arg [-plugin-opt=-pass-through=-luser32] ==> ignore
    arg [-plugin-opt=-pass-through=-lkernel32] ==> ignore
    arg [-plugin-opt=-pass-through=-lgcc_s] ==> ignore
    arg [-plugin-opt=-pass-through=-lgcc] ==> ignore
    arg [--build-id] ==> ignore
    arg [-m] ==> ignore
    arg [i386pep] ==> ignore
    arg [--wrap] ==> ignore
    arg [_Znwm] ==> ignore
    arg [--wrap] ==> ignore
    arg [_Znam] ==> ignore
    arg [--wrap] ==> ignore
    arg [_ZdlPv] ==> ignore
    arg [--wrap] ==> ignore
    arg [_ZdaPv] ==> ignore
    arg [--wrap] ==> ignore
    arg [_ZnwmRKSt9nothrow_t] ==> ignore
    arg [--wrap] ==> ignore
    arg [_ZnamRKSt9nothrow_t] ==> ignore
    arg [--wrap] ==> ignore
    arg [_ZdlPvRKSt9nothrow_t] ==> ignore
    arg [--wrap] ==> ignore
    arg [_ZdaPvRKSt9nothrow_t] ==> ignore
    arg [-Bdynamic] ==> ignore
    arg [--dll-search-prefix=cyg] ==> ignore
    arg [--tsaware] ==> ignore
    arg [-o] ==> ignore
    arg [cmTC_a6b31.exe] ==> ignore
    arg [/usr/lib/gcc/x86_64-pc-cygwin/7.4.0/../../../../lib/crt0.o] ==> ignore
    arg [/usr/lib/gcc/x86_64-pc-cygwin/7.4.0/crtbegin.o] ==> ignore
    arg [-L/usr/lib/gcc/x86_64-pc-cygwin/7.4.0] ==> dir [/usr/lib/gcc/x86_64-pc-cygwin/7.4.0]
    arg [-L/usr/lib/gcc/x86_64-pc-cygwin/7.4.0/../../../../x86_64-pc-cygwin/lib/../lib] ==> dir [/usr/lib/gcc/x86_64-pc-cygwin/7.4.0/../../../../x86_64-pc-cygwin/lib/../lib]
    arg [-L/usr/lib/gcc/x86_64-pc-cygwin/7.4.0/../../../../lib] ==> dir [/usr/lib/gcc/x86_64-pc-cygwin/7.4.0/../../../../lib]
    arg [-L/lib/../lib] ==> dir [/lib/../lib]
    arg [-L/usr/lib/../lib] ==> dir [/usr/lib/../lib]
    arg [-L/usr/lib/gcc/x86_64-pc-cygwin/7.4.0/../../../../x86_64-pc-cygwin/lib] ==> dir [/usr/lib/gcc/x86_64-pc-cygwin/7.4.0/../../../../x86_64-pc-cygwin/lib]
    arg [-L/usr/lib/gcc/x86_64-pc-cygwin/7.4.0/../../..] ==> dir [/usr/lib/gcc/x86_64-pc-cygwin/7.4.0/../../..]
    arg [--enable-auto-import] ==> ignore
    arg [CMakeFiles/cmTC_a6b31.dir/CMakeCXXCompilerABI.cpp.o] ==> ignore
    arg [--out-implib] ==> ignore
    arg [libcmTC_a6b31.dll.a] ==> ignore
    arg [--major-image-version] ==> ignore
    arg [0] ==> ignore
    arg [--minor-image-version] ==> ignore
    arg [0] ==> ignore
    arg [-lstdc++] ==> lib [stdc++]
    arg [-lgcc_s] ==> lib [gcc_s]
    arg [-lgcc] ==> lib [gcc]
    arg [-lcygwin] ==> lib [cygwin]
    arg [-ladvapi32] ==> lib [advapi32]
    arg [-lshell32] ==> lib [shell32]
    arg [-luser32] ==> lib [user32]
    arg [-lkernel32] ==> lib [kernel32]
    arg [-lgcc_s] ==> lib [gcc_s]
    arg [-lgcc] ==> lib [gcc]
    arg [/usr/lib/gcc/x86_64-pc-cygwin/7.4.0/../../../../lib/default-manifest.o] ==> ignore
    arg [/usr/lib/gcc/x86_64-pc-cygwin/7.4.0/crtend.o] ==> ignore
  collapse library dir [/usr/lib/gcc/x86_64-pc-cygwin/7.4.0] ==> [/usr/lib/gcc/x86_64-pc-cygwin/7.4.0]
  collapse library dir [/usr/lib/gcc/x86_64-pc-cygwin/7.4.0/../../../../x86_64-pc-cygwin/lib/../lib] ==> [/usr/x86_64-pc-cygwin/lib]
  collapse library dir [/usr/lib/gcc/x86_64-pc-cygwin/7.4.0/../../../../lib] ==> [/usr/lib]
  collapse library dir [/lib/../lib] ==> [/lib]
  collapse library dir [/usr/lib/../lib] ==> [/usr/lib]
  collapse library dir [/usr/lib/gcc/x86_64-pc-cygwin/7.4.0/../../../../x86_64-pc-cygwin/lib] ==> [/usr/x86_64-pc-cygwin/lib]
  collapse library dir [/usr/lib/gcc/x86_64-pc-cygwin/7.4.0/../../..] ==> [/usr/lib]
  implicit libs: [stdc++;gcc_s;gcc;cygwin;advapi32;shell32;user32;kernel32;gcc_s;gcc]
  implicit dirs: [/usr/lib/gcc/x86_64-pc-cygwin/7.4.0;/usr/x86_64-pc-cygwin/lib;/usr/lib;/lib]
  implicit fwks: []




Detecting CXX [-std=c++1z] compiler features compiled with the following output:
Change Dir: /cygdrive/d/repos/MxEngine/src/CMakeFiles/CMakeTmp

Run Build Command(s):/usr/bin/make.exe cmTC_3f18b/fast 
/usr/bin/make -f CMakeFiles/cmTC_3f18b.dir/build.make CMakeFiles/cmTC_3f18b.dir/build
make[1]: Entering directory '/cygdrive/d/repos/MxEngine/src/CMakeFiles/CMakeTmp'
Building CXX object CMakeFiles/cmTC_3f18b.dir/feature_tests.cxx.o
/usr/bin/c++.exe    -std=c++1z -o CMakeFiles/cmTC_3f18b.dir/feature_tests.cxx.o -c /cygdrive/d/repos/MxEngine/src/CMakeFiles/feature_tests.cxx
Linking CXX executable cmTC_3f18b.exe
/usr/bin/cmake.exe -E cmake_link_script CMakeFiles/cmTC_3f18b.dir/link.txt --verbose=1
/usr/bin/c++.exe    -Wl,--enable-auto-import  CMakeFiles/cmTC_3f18b.dir/feature_tests.cxx.o  -o cmTC_3f18b.exe -Wl,--out-implib,libcmTC_3f18b.dll.a -Wl,--major-image-version,0,--minor-image-version,0 
make[1]: Leaving directory '/cygdrive/d/repos/MxEngine/src/CMakeFiles/CMakeTmp'


    Feature record: CXX_FEATURE:1cxx_aggregate_default_initializers
    Feature record: CXX_FEATURE:1cxx_alias_templates
    Feature record: CXX_FEATURE:1cxx_alignas
    Feature record: CXX_FEATURE:1cxx_alignof
    Feature record: CXX_FEATURE:1cxx_attributes
    Feature record: CXX_FEATURE:1cxx_attribute_deprecated
    Feature record: CXX_FEATURE:1cxx_auto_type
    Feature record: CXX_FEATURE:1cxx_binary_literals
    Feature record: CXX_FEATURE:1cxx_constexpr
    Feature record: CXX_FEATURE:1cxx_contextual_conversions
    Feature record: CXX_FEATURE:1cxx_decltype
    Feature record: CXX_FEATURE:1cxx_decltype_auto
    Feature record: CXX_FEATURE:1cxx_decltype_incomplete_return_types
    Feature record: CXX_FEATURE:1cxx_default_function_template_args
    Feature record: CXX_FEATURE:1cxx_defaulted_functions
    Feature record: CXX_FEATURE:1cxx_defaulted_move_initializers
    Feature record: CXX_FEATURE:1cxx_delegating_constructors
    Feature record: CXX_FEATURE:1cxx_deleted_functions
    Feature record: CXX_FEATURE:1cxx_digit_separators
    Feature record: CXX_FEATURE:1cxx_enum_forward_declarations
    Feature record: CXX_FEATURE:1cxx_explicit_conversions
    Feature record: CXX_FEATURE:1cxx_extended_friend_declarations
    Feature record: CXX_FEATURE:1cxx_extern_templates
    Feature record: CXX_FEATURE:1cxx_final
    Feature record: CXX_FEATURE:1cxx_func_identifier
    Feature record: CXX_FEATURE:1cxx_generalized_initializers
    Feature record: CXX_FEATURE:1cxx_generic_lambdas
    Feature record: CXX_FEATURE:1cxx_inheriting_constructors
    Feature record: CXX_FEATURE:1cxx_inline_namespaces
    Feature record: CXX_FEATURE:1cxx_lambdas
    Feature record: CXX_FEATURE:1cxx_lambda_init_captures
    Feature record: CXX_FEATURE:1cxx_local_type_template_args
    Feature record: CXX_FEATURE:1cxx_long_long_type
    Feature record: CXX_FEATURE:1cxx_noexcept
    Feature record: CXX_FEATURE:1cxx_nonstatic_member_init
    Feature record: CXX_FEATURE:1cxx_nullptr
    Feature record: CXX_FEATURE:1cxx_override
    Feature record: CXX_FEATURE:1cxx_range_for
    Feature record: CXX_FEATURE:1cxx_raw_string_literals
    Feature record: CXX_FEATURE:1cxx_reference_qualified_functions
    Feature record: CXX_FEATURE:1cxx_relaxed_constexpr
    Feature record: CXX_FEATURE:1cxx_return_type_deduction
    Feature record: CXX_FEATURE:1cxx_right_angle_brackets
    Feature record: CXX_FEATURE:1cxx_rvalue_references
    Feature record: CXX_FEATURE:1cxx_sizeof_member
    Feature record: CXX_FEATURE:1cxx_static_assert
    Feature record: CXX_FEATURE:1cxx_strong_enums
    Feature record: CXX_FEATURE:1cxx_template_template_parameters
    Feature record: CXX_FEATURE:1cxx_thread_local
    Feature record: CXX_FEATURE:1cxx_trailing_return_types
    Feature record: CXX_FEATURE:1cxx_unicode_literals
    Feature record: CXX_FEATURE:1cxx_uniform_initialization
    Feature record: CXX_FEATURE:1cxx_unrestricted_unions
    Feature record: CXX_FEATURE:1cxx_user_literals
    Feature record: CXX_FEATURE:1cxx_variable_templates
    Feature record: CXX_FEATURE:1cxx_variadic_macros
    Feature record: CXX_FEATURE:1cxx_variadic_templates


Detecting CXX [-std=c++14] compiler features compiled with the following output:
Change Dir: /cygdrive/d/repos/MxEngine/src/CMakeFiles/CMakeTmp

Run Build Command(s):/usr/bin/make.exe cmTC_aac60/fast 
/usr/bin/make -f CMakeFiles/cmTC_aac60.dir/build.make CMakeFiles/cmTC_aac60.dir/build
make[1]: Entering directory '/cygdrive/d/repos/MxEngine/src/CMakeFiles/CMakeTmp'
Building CXX object CMakeFiles/cmTC_aac60.dir/feature_tests.cxx.o
/usr/bin/c++.exe    -std=c++14 -o CMakeFiles/cmTC_aac60.dir/feature_tests.cxx.o -c /cygdrive/d/repos/MxEngine/src/CMakeFiles/feature_tests.cxx
Linking CXX executable cmTC_aac60.exe
/usr/bin/cmake.exe -E cmake_link_script CMakeFiles/cmTC_aac60.dir/link.txt --verbose=1
/usr/bin/c++.exe    -Wl,--enable-auto-import  CMakeFiles/cmTC_aac60.dir/feature_tests.cxx.o  -o cmTC_aac60.exe -Wl,--out-implib,libcmTC_aac60.dll.a -Wl,--major-image-version,0,--minor-image-version,0 
make[1]: Leaving directory '/cygdrive/d/repos/MxEngine/src/CMakeFiles/CMakeTmp'


    Feature record: CXX_FEATURE:1cxx_aggregate_default_initializers
    Feature record: CXX_FEATURE:1cxx_alias_templates
    Feature record: CXX_FEATURE:1cxx_alignas
    Feature record: CXX_FEATURE:1cxx_alignof
    Feature record: CXX_FEATURE:1cxx_attributes
    Feature record: CXX_FEATURE:1cxx_attribute_deprecated
    Feature record: CXX_FEATURE:1cxx_auto_type
    Feature record: CXX_FEATURE:1cxx_binary_literals
    Feature record: CXX_FEATURE:1cxx_constexpr
    Feature record: CXX_FEATURE:1cxx_contextual_conversions
    Feature record: CXX_FEATURE:1cxx_decltype
    Feature record: CXX_FEATURE:1cxx_decltype_auto
    Feature record: CXX_FEATURE:1cxx_decltype_incomplete_return_types
    Feature record: CXX_FEATURE:1cxx_default_function_template_args
    Feature record: CXX_FEATURE:1cxx_defaulted_functions
    Feature record: CXX_FEATURE:1cxx_defaulted_move_initializers
    Feature record: CXX_FEATURE:1cxx_delegating_constructors
    Feature record: CXX_FEATURE:1cxx_deleted_functions
    Feature record: CXX_FEATURE:1cxx_digit_separators
    Feature record: CXX_FEATURE:1cxx_enum_forward_declarations
    Feature record: CXX_FEATURE:1cxx_explicit_conversions
    Feature record: CXX_FEATURE:1cxx_extended_friend_declarations
    Feature record: CXX_FEATURE:1cxx_extern_templates
    Feature record: CXX_FEATURE:1cxx_final
    Feature record: CXX_FEATURE:1cxx_func_identifier
    Feature record: CXX_FEATURE:1cxx_generalized_initializers
    Feature record: CXX_FEATURE:1cxx_generic_lambdas
    Feature record: CXX_FEATURE:1cxx_inheriting_constructors
    Feature record: CXX_FEATURE:1cxx_inline_namespaces
    Feature record: CXX_FEATURE:1cxx_lambdas
    Feature record: CXX_FEATURE:1cxx_lambda_init_captures
    Feature record: CXX_FEATURE:1cxx_local_type_template_args
    Feature record: CXX_FEATURE:1cxx_long_long_type
    Feature record: CXX_FEATURE:1cxx_noexcept
    Feature record: CXX_FEATURE:1cxx_nonstatic_member_init
    Feature record: CXX_FEATURE:1cxx_nullptr
    Feature record: CXX_FEATURE:1cxx_override
    Feature record: CXX_FEATURE:1cxx_range_for
    Feature record: CXX_FEATURE:1cxx_raw_string_literals
    Feature record: CXX_FEATURE:1cxx_reference_qualified_functions
    Feature record: CXX_FEATURE:1cxx_relaxed_constexpr
    Feature record: CXX_FEATURE:1cxx_return_type_deduction
    Feature record: CXX_FEATURE:1cxx_right_angle_brackets
    Feature record: CXX_FEATURE:1cxx_rvalue_references
    Feature record: CXX_FEATURE:1cxx_sizeof_member
    Feature record: CXX_FEATURE:1cxx_static_assert
    Feature record: CXX_FEATURE:1cxx_strong_enums
    Feature record: CXX_FEATURE:1cxx_template_template_parameters
    Feature record: CXX_FEATURE:1cxx_thread_local
    Feature record: CXX_FEATURE:1cxx_trailing_return_types
    Feature record: CXX_FEATURE:1cxx_unicode_literals
    Feature record: CXX_FEATURE:1cxx_uniform_initialization
    Feature record: CXX_FEATURE:1cxx_unrestricted_unions
    Feature record: CXX_FEATURE:1cxx_user_literals
    Feature record: CXX_FEATURE:1cxx_variable_templates
    Feature record: CXX_FEATURE:1cxx_variadic_macros
    Feature record: CXX_FEATURE:1cxx_variadic_templates


Detecting CXX [-std=c++11] compiler features compiled with the following output:
Change Dir: /cygdrive/d/repos/MxEngine/src/CMakeFiles/CMakeTmp

Run Build Command(s):/usr/bin/make.exe cmTC_60aaf/fast 
/usr/bin/make -f CMakeFiles/cmTC_60aaf.dir/build.make CMakeFiles/cmTC_60aaf.dir/build
make[1]: Entering directory '/cygdrive/d/repos/MxEngine/src/CMakeFiles/CMakeTmp'
Building CXX object CMakeFiles/cmTC_60aaf.dir/feature_tests.cxx.o
/usr/bin/c++.exe    -std=c++11 -o CMakeFiles/cmTC_60aaf.dir/feature_tests.cxx.o -c /cygdrive/d/repos/MxEngine/src/CMakeFiles/feature_tests.cxx
Linking CXX executable cmTC_60aaf.exe
/usr/bin/cmake.exe -E cmake_link_script CMakeFiles/cmTC_60aaf.dir/link.txt --verbose=1
/usr/bin/c++.exe    -Wl,--enable-auto-import  CMakeFiles/cmTC_60aaf.dir/feature_tests.cxx.o  -o cmTC_60aaf.exe -Wl,--out-implib,libcmTC_60aaf.dll.a -Wl,--major-image-version,0,--minor-image-version,0 
make[1]: Leaving directory '/cygdrive/d/repos/MxEngine/src/CMakeFiles/CMakeTmp'


    Feature record: CXX_FEATURE:0cxx_aggregate_default_initializers
    Feature record: CXX_FEATURE:1cxx_alias_templates
    Feature record: CXX_FEATURE:1cxx_alignas
    Feature record: CXX_FEATURE:1cxx_alignof
    Feature record: CXX_FEATURE:1cxx_attributes
    Feature record: CXX_FEATURE:0cxx_attribute_deprecated
    Feature record: CXX_FEATURE:1cxx_auto_type
    Feature record: CXX_FEATURE:0cxx_binary_literals
    Feature record: CXX_FEATURE:1cxx_constexpr
    Feature record: CXX_FEATURE:0cxx_contextual_conversions
    Feature record: CXX_FEATURE:1cxx_decltype
    Feature record: CXX_FEATURE:0cxx_decltype_auto
    Feature record: CXX_FEATURE:1cxx_decltype_incomplete_return_types
    Feature record: CXX_FEATURE:1cxx_default_function_template_args
    Feature record: CXX_FEATURE:1cxx_defaulted_functions
    Feature record: CXX_FEATURE:1cxx_defaulted_move_initializers
    Feature record: CXX_FEATURE:1cxx_delegating_constructors
    Feature record: CXX_FEATURE:1cxx_deleted_functions
    Feature record: CXX_FEATURE:0cxx_digit_separators
    Feature record: CXX_FEATURE:1cxx_enum_forward_declarations
    Feature record: CXX_FEATURE:1cxx_explicit_conversions
    Feature record: CXX_FEATURE:1cxx_extended_friend_declarations
    Feature record: CXX_FEATURE:1cxx_extern_templates
    Feature record: CXX_FEATURE:1cxx_final
    Feature record: CXX_FEATURE:1cxx_func_identifier
    Feature record: CXX_FEATURE:1cxx_generalized_initializers
    Feature record: CXX_FEATURE:0cxx_generic_lambdas
    Feature record: CXX_FEATURE:1cxx_inheriting_constructors
    Feature record: CXX_FEATURE:1cxx_inline_namespaces
    Feature record: CXX_FEATURE:1cxx_lambdas
    Feature record: CXX_FEATURE:0cxx_lambda_init_captures
    Feature record: CXX_FEATURE:1cxx_local_type_template_args
    Feature record: CXX_FEATURE:1cxx_long_long_type
    Feature record: CXX_FEATURE:1cxx_noexcept
    Feature record: CXX_FEATURE:1cxx_nonstatic_member_init
    Feature record: CXX_FEATURE:1cxx_nullptr
    Feature record: CXX_FEATURE:1cxx_override
    Feature record: CXX_FEATURE:1cxx_range_for
    Feature record: CXX_FEATURE:1cxx_raw_string_literals
    Feature record: CXX_FEATURE:1cxx_reference_qualified_functions
    Feature record: CXX_FEATURE:0cxx_relaxed_constexpr
    Feature record: CXX_FEATURE:0cxx_return_type_deduction
    Feature record: CXX_FEATURE:1cxx_right_angle_brackets
    Feature record: CXX_FEATURE:1cxx_rvalue_references
    Feature record: CXX_FEATURE:1cxx_sizeof_member
    Feature record: CXX_FEATURE:1cxx_static_assert
    Feature record: CXX_FEATURE:1cxx_strong_enums
    Feature record: CXX_FEATURE:1cxx_template_template_parameters
    Feature record: CXX_FEATURE:1cxx_thread_local
    Feature record: CXX_FEATURE:1cxx_trailing_return_types
    Feature record: CXX_FEATURE:1cxx_unicode_literals
    Feature record: CXX_FEATURE:1cxx_uniform_initialization
    Feature record: CXX_FEATURE:1cxx_unrestricted_unions
    Feature record: CXX_FEATURE:1cxx_user_literals
    Feature record: CXX_FEATURE:0cxx_variable_templates
    Feature record: CXX_FEATURE:1cxx_variadic_macros
    Feature record: CXX_FEATURE:1cxx_variadic_templates


Detecting CXX [-std=c++98] compiler features compiled with the following output:
Change Dir: /cygdrive/d/repos/MxEngine/src/CMakeFiles/CMakeTmp

Run Build Command(s):/usr/bin/make.exe cmTC_e669f/fast 
/usr/bin/make -f CMakeFiles/cmTC_e669f.dir/build.make CMakeFiles/cmTC_e669f.dir/build
make[1]: Entering directory '/cygdrive/d/repos/MxEngine/src/CMakeFiles/CMakeTmp'
Building CXX object CMakeFiles/cmTC_e669f.dir/feature_tests.cxx.o
/usr/bin/c++.exe    -std=c++98 -o CMakeFiles/cmTC_e669f.dir/feature_tests.cxx.o -c /cygdrive/d/repos/MxEngine/src/CMakeFiles/feature_tests.cxx
Linking CXX executable cmTC_e669f.exe
/usr/bin/cmake.exe -E cmake_link_script CMakeFiles/cmTC_e669f.dir/link.txt --verbose=1
/usr/bin/c++.exe    -Wl,--enable-auto-import  CMakeFiles/cmTC_e669f.dir/feature_tests.cxx.o  -o cmTC_e669f.exe -Wl,--out-implib,libcmTC_e669f.dll.a -Wl,--major-image-version,0,--minor-image-version,0 
make[1]: Leaving directory '/cygdrive/d/repos/MxEngine/src/CMakeFiles/CMakeTmp'


    Feature record: CXX_FEATURE:0cxx_aggregate_default_initializers
    Feature record: CXX_FEATURE:0cxx_alias_templates
    Feature record: CXX_FEATURE:0cxx_alignas
    Feature record: CXX_FEATURE:0cxx_alignof
    Feature record: CXX_FEATURE:0cxx_attributes
    Feature record: CXX_FEATURE:0cxx_attribute_deprecated
    Feature record: CXX_FEATURE:0cxx_auto_type
    Feature record: CXX_FEATURE:0cxx_binary_literals
    Feature record: CXX_FEATURE:0cxx_constexpr
    Feature record: CXX_FEATURE:0cxx_contextual_conversions
    Feature record: CXX_FEATURE:0cxx_decltype
    Feature record: CXX_FEATURE:0cxx_decltype_auto
    Feature record: CXX_FEATURE:0cxx_decltype_incomplete_return_types
    Feature record: CXX_FEATURE:0cxx_default_function_template_args
    Feature record: CXX_FEATURE:0cxx_defaulted_functions
    Feature record: CXX_FEATURE:0cxx_defaulted_move_initializers
    Feature record: CXX_FEATURE:0cxx_delegating_constructors
    Feature record: CXX_FEATURE:0cxx_deleted_functions
    Feature record: CXX_FEATURE:0cxx_digit_separators
    Feature record: CXX_FEATURE:0cxx_enum_forward_declarations
    Feature record: CXX_FEATURE:0cxx_explicit_conversions
    Feature record: CXX_FEATURE:0cxx_extended_friend_declarations
    Feature record: CXX_FEATURE:0cxx_extern_templates
    Feature record: CXX_FEATURE:0cxx_final
    Feature record: CXX_FEATURE:0cxx_func_identifier
    Feature record: CXX_FEATURE:0cxx_generalized_initializers
    Feature record: CXX_FEATURE:0cxx_generic_lambdas
    Feature record: CXX_FEATURE:0cxx_inheriting_constructors
    Feature record: CXX_FEATURE:0cxx_inline_namespaces
    Feature record: CXX_FEATURE:0cxx_lambdas
    Feature record: CXX_FEATURE:0cxx_lambda_init_captures
    Feature record: CXX_FEATURE:0cxx_local_type_template_args
    Feature record: CXX_FEATURE:0cxx_long_long_type
    Feature record: CXX_FEATURE:0cxx_noexcept
    Feature record: CXX_FEATURE:0cxx_nonstatic_member_init
    Feature record: CXX_FEATURE:0cxx_nullptr
    Feature record: CXX_FEATURE:0cxx_override
    Feature record: CXX_FEATURE:0cxx_range_for
    Feature record: CXX_FEATURE:0cxx_raw_string_literals
    Feature record: CXX_FEATURE:0cxx_reference_qualified_functions
    Feature record: CXX_FEATURE:0cxx_relaxed_constexpr
    Feature record: CXX_FEATURE:0cxx_return_type_deduction
    Feature record: CXX_FEATURE:0cxx_right_angle_brackets
    Feature record: CXX_FEATURE:0cxx_rvalue_references
    Feature record: CXX_FEATURE:0cxx_sizeof_member
    Feature record: CXX_FEATURE:0cxx_static_assert
    Feature record: CXX_FEATURE:0cxx_strong_enums
    Feature record: CXX_FEATURE:1cxx_template_template_parameters
    Feature record: CXX_FEATURE:0cxx_thread_local
    Feature record: CXX_FEATURE:0cxx_trailing_return_types
    Feature record: CXX_FEATURE:0cxx_unicode_literals
    Feature record: CXX_FEATURE:0cxx_uniform_initialization
    Feature record: CXX_FEATURE:0cxx_unrestricted_unions
    Feature record: CXX_FEATURE:0cxx_user_literals
    Feature record: CXX_FEATURE:0cxx_variable_templates
    Feature record: CXX_FEATURE:0cxx_variadic_macros
    Feature record: CXX_FEATURE:0cxx_variadic_templates
